INFO -- 2019-12-22 21:46:37,804 -- received request: time_createds of the week
INFO -- 2019-12-22 21:46:37,807 -- time_created time 2019-12-22 21:11:18.374007
INFO -- 2019-12-22 21:46:37,807 -- now time 2019-12-22 21:46:37.807226
INFO -- 2019-12-22 21:46:37,807 -- diff time 0:35:19.433219  AND DAYS : 0
INFO -- 2019-12-22 21:46:37,807 -- time_created time 2019-12-22 21:11:18.374007
INFO -- 2019-12-22 21:46:37,807 -- now time 2019-12-22 21:46:37.807678
INFO -- 2019-12-22 21:46:37,807 -- diff time 0:35:19.433671  AND DAYS : 0
INFO -- 2019-12-22 21:46:37,807 -- time_created time 2019-12-22 21:11:18.374007
INFO -- 2019-12-22 21:46:37,808 -- now time 2019-12-22 21:46:37.807976
INFO -- 2019-12-22 21:46:37,808 -- diff time 0:35:19.433969  AND DAYS : 0
INFO -- 2019-12-22 21:46:37,808 -- time_created time 2019-12-22 21:11:18.374007
INFO -- 2019-12-22 21:46:37,808 -- now time 2019-12-22 21:46:37.808317
INFO -- 2019-12-22 21:46:37,808 -- diff time 0:35:19.434310  AND DAYS : 0
INFO -- 2019-12-22 21:46:37,808 -- time_created time 2019-12-22 21:11:18.374007
INFO -- 2019-12-22 21:46:37,808 -- now time 2019-12-22 21:46:37.808654
INFO -- 2019-12-22 21:46:37,808 -- diff time 0:35:19.434647  AND DAYS : 0
INFO -- 2019-12-22 21:46:37,809 -- time_created time 2019-12-22 21:11:18.374007
INFO -- 2019-12-22 21:46:37,809 -- now time 2019-12-22 21:46:37.809059
INFO -- 2019-12-22 21:46:37,809 -- diff time 0:35:19.435052  AND DAYS : 0
INFO -- 2019-12-22 21:46:37,809 -- time_created time 2020-12-22 21:11:18
INFO -- 2019-12-22 21:46:37,809 -- now time 2019-12-22 21:46:37.809564
INFO -- 2019-12-22 21:46:37,809 -- diff time -366 days, 0:35:19.809564  AND DAYS : -366
INFO -- 2019-12-22 21:46:37,810 -- time_created time 2019-12-22 21:11:18.374007
INFO -- 2019-12-22 21:46:37,810 -- now time 2019-12-22 21:46:37.810153
INFO -- 2019-12-22 21:46:37,810 -- diff time 0:35:19.436146  AND DAYS : 0
INFO -- 2019-12-22 21:47:32,206 -- received request: time_createds of the week
INFO -- 2019-12-22 21:47:32,208 -- diff time -1 day, 23:23:46.165705  AND DAYS : -1
INFO -- 2019-12-22 21:47:32,208 -- diff time -1 day, 23:23:46.165534  AND DAYS : -1
INFO -- 2019-12-22 21:47:32,208 -- diff time -1 day, 23:23:46.165457  AND DAYS : -1
INFO -- 2019-12-22 21:47:32,208 -- diff time -1 day, 23:23:46.165385  AND DAYS : -1
INFO -- 2019-12-22 21:47:32,208 -- diff time -1 day, 23:23:46.165321  AND DAYS : -1
INFO -- 2019-12-22 21:47:32,208 -- diff time -1 day, 23:23:46.165258  AND DAYS : -1
INFO -- 2019-12-22 21:47:32,208 -- diff time 365 days, 23:23:45.791189  AND DAYS : 365
INFO -- 2019-12-22 21:47:32,208 -- diff time -1 day, 23:23:46.165099  AND DAYS : -1
INFO -- 2019-12-23 15:50:33,220 -- received request: time_createds of the week
INFO -- 2019-12-23 15:50:33,226 -- number of days to wait : -1
INFO -- 2019-12-23 15:50:33,227 -- number of days to wait : -1
INFO -- 2019-12-23 15:50:33,227 -- number of days to wait : -1
INFO -- 2019-12-23 15:50:33,227 -- number of days to wait : -1
INFO -- 2019-12-23 15:50:33,227 -- number of days to wait : -1
INFO -- 2019-12-23 15:50:33,227 -- number of days to wait : -1
INFO -- 2019-12-23 15:50:33,228 -- number of days to wait : 365
INFO -- 2019-12-23 15:50:33,228 -- number of days to wait : -1
INFO -- 2019-12-23 15:54:13,148 -- received request: time_createds of the week
INFO -- 2019-12-23 15:54:13,150 -- number of days to wait : -1
INFO -- 2019-12-23 15:54:13,150 -- number of days to wait : -1
INFO -- 2019-12-23 15:54:13,150 -- number of days to wait : -1
INFO -- 2019-12-23 15:54:13,150 -- number of days to wait : -1
INFO -- 2019-12-23 15:54:13,150 -- number of days to wait : -1
INFO -- 2019-12-23 15:54:13,150 -- number of days to wait : -1
INFO -- 2019-12-23 15:54:13,150 -- number of days to wait : 365
INFO -- 2019-12-23 15:54:13,151 -- number of days to wait : -1
INFO -- 2019-12-23 15:54:13,151 -- number of days to wait : -1
INFO -- 2019-12-23 15:54:13,151 -- number of days to wait : -2800
INFO -- 2019-12-23 15:54:13,151 -- number of days to wait : 122
INFO -- 2019-12-23 15:54:13,151 -- number of days to wait : 1
INFO -- 2019-12-23 15:54:38,631 -- received request: time_createds of the week
INFO -- 2019-12-23 15:54:38,632 -- number of days to wait : -1
INFO -- 2019-12-23 15:54:38,632 -- number of days to wait : -1
INFO -- 2019-12-23 15:54:38,632 -- number of days to wait : -1
INFO -- 2019-12-23 15:54:38,633 -- number of days to wait : -1
INFO -- 2019-12-23 15:54:38,633 -- number of days to wait : -1
INFO -- 2019-12-23 15:54:38,633 -- number of days to wait : -1
INFO -- 2019-12-23 15:54:38,633 -- number of days to wait : 365
INFO -- 2019-12-23 15:54:38,633 -- number of days to wait : -1
INFO -- 2019-12-23 15:54:38,633 -- number of days to wait : -1
INFO -- 2019-12-23 15:54:38,633 -- number of days to wait : -2800
INFO -- 2019-12-23 15:54:38,633 -- number of days to wait : 122
INFO -- 2019-12-23 15:54:38,633 -- number of days to wait : 1
INFO -- 2019-12-23 15:54:57,015 -- received request: time_createds of the week
INFO -- 2019-12-23 15:54:57,017 -- number of days to wait : -1
INFO -- 2019-12-23 15:54:57,018 -- number of days to wait : -1
INFO -- 2019-12-23 15:54:57,019 -- number of days to wait : -1
INFO -- 2019-12-23 15:54:57,020 -- number of days to wait : -1
INFO -- 2019-12-23 15:54:57,021 -- number of days to wait : -1
INFO -- 2019-12-23 15:54:57,021 -- number of days to wait : -1
INFO -- 2019-12-23 15:54:57,022 -- number of days to wait : 365
INFO -- 2019-12-23 15:54:57,022 -- number of days to wait : -1
INFO -- 2019-12-23 15:54:57,022 -- number of days to wait : -1
INFO -- 2019-12-23 15:54:57,023 -- number of days to wait : -2800
INFO -- 2019-12-23 15:54:57,023 -- number of days to wait : 122
INFO -- 2019-12-23 15:54:57,023 -- number of days to wait : 1
INFO -- 2019-12-23 15:55:14,339 -- received request: time_createds of the week
INFO -- 2019-12-23 15:55:14,340 -- number of days to wait : -1
INFO -- 2019-12-23 15:55:14,341 -- number of days to wait : -1
INFO -- 2019-12-23 15:55:14,341 -- number of days to wait : -1
INFO -- 2019-12-23 15:55:14,341 -- number of days to wait : -1
INFO -- 2019-12-23 15:55:14,341 -- number of days to wait : -1
INFO -- 2019-12-23 15:55:14,341 -- number of days to wait : -1
INFO -- 2019-12-23 15:55:14,341 -- number of days to wait : 365
INFO -- 2019-12-23 15:55:14,341 -- number of days to wait : -1
INFO -- 2019-12-23 15:55:14,341 -- number of days to wait : -1
INFO -- 2019-12-23 15:55:14,341 -- number of days to wait : -2800
INFO -- 2019-12-23 15:55:14,341 -- number of days to wait : 122
INFO -- 2019-12-23 15:55:14,342 -- number of days to wait : 1
INFO -- 2019-12-23 15:56:23,692 -- received request: time_createds of the week
INFO -- 2019-12-23 15:56:23,694 -- number of days to wait : -1 2019-12-22 21:11:18.374007+00:00
INFO -- 2019-12-23 15:56:23,695 -- number of days to wait : -1 2019-12-22 21:11:18.374007+00:00
INFO -- 2019-12-23 15:56:23,695 -- number of days to wait : -1 2019-12-22 21:11:18.374007+00:00
INFO -- 2019-12-23 15:56:23,695 -- number of days to wait : -1 2019-12-22 21:11:18.374007+00:00
INFO -- 2019-12-23 15:56:23,695 -- number of days to wait : -1 2019-12-22 21:11:18.374007+00:00
INFO -- 2019-12-23 15:56:23,695 -- number of days to wait : -1 2019-12-22 21:11:18.374007+00:00
INFO -- 2019-12-23 15:56:23,695 -- number of days to wait : 365 2020-12-22 21:11:18+00:00
INFO -- 2019-12-23 15:56:23,695 -- number of days to wait : -1 2019-12-22 21:11:18.374007+00:00
INFO -- 2019-12-23 15:56:23,695 -- number of days to wait : -1 2019-12-23 00:00:00+00:00
INFO -- 2019-12-23 15:56:23,696 -- number of days to wait : -2800 2012-04-23 18:25:43.511000+00:00
INFO -- 2019-12-23 15:56:23,696 -- number of days to wait : 122 2020-04-23 18:25:43.511000+00:00
INFO -- 2019-12-23 15:56:23,696 -- number of days to wait : 1 2019-12-24 18:25:43.511000+00:00
INFO -- 2019-12-23 15:57:10,594 -- received request: time_createds of the week
INFO -- 2019-12-23 15:57:10,597 -- number of days to wait : -1 2019-12-22 21:11:18.374007+00:00
INFO -- 2019-12-23 15:57:10,597 -- number of days to wait : -1 2019-12-22 21:11:18.374007+00:00
INFO -- 2019-12-23 15:57:10,598 -- number of days to wait : -1 2019-12-22 21:11:18.374007+00:00
INFO -- 2019-12-23 15:57:10,598 -- number of days to wait : -1 2019-12-22 21:11:18.374007+00:00
INFO -- 2019-12-23 15:57:10,598 -- number of days to wait : -1 2019-12-22 21:11:18.374007+00:00
INFO -- 2019-12-23 15:57:10,598 -- number of days to wait : -1 2019-12-22 21:11:18.374007+00:00
INFO -- 2019-12-23 15:57:10,598 -- number of days to wait : 365 2020-12-22 21:11:18+00:00
INFO -- 2019-12-23 15:57:10,599 -- number of days to wait : -1 2019-12-22 21:11:18.374007+00:00
INFO -- 2019-12-23 15:57:10,599 -- number of days to wait : -1 2019-12-23 00:00:00+00:00
INFO -- 2019-12-23 15:57:10,599 -- number of days to wait : -2800 2012-04-23 18:25:43.511000+00:00
INFO -- 2019-12-23 15:57:10,599 -- number of days to wait : 122 2020-04-23 18:25:43.511000+00:00
INFO -- 2019-12-23 15:57:10,599 -- number of days to wait : 1 2019-12-24 18:25:43.511000+00:00
INFO -- 2019-12-23 15:57:14,862 -- received request: time_createds of the week
INFO -- 2019-12-23 15:57:14,863 -- number of days to wait : -1 2019-12-22 21:11:18.374007+00:00
INFO -- 2019-12-23 15:57:14,863 -- number of days to wait : -1 2019-12-22 21:11:18.374007+00:00
INFO -- 2019-12-23 15:57:14,863 -- number of days to wait : -1 2019-12-22 21:11:18.374007+00:00
INFO -- 2019-12-23 15:57:14,863 -- number of days to wait : -1 2019-12-22 21:11:18.374007+00:00
INFO -- 2019-12-23 15:57:14,863 -- number of days to wait : -1 2019-12-22 21:11:18.374007+00:00
INFO -- 2019-12-23 15:57:14,863 -- number of days to wait : -1 2019-12-22 21:11:18.374007+00:00
INFO -- 2019-12-23 15:57:14,863 -- number of days to wait : 365 2020-12-22 21:11:18+00:00
INFO -- 2019-12-23 15:57:14,863 -- number of days to wait : -1 2019-12-22 21:11:18.374007+00:00
INFO -- 2019-12-23 15:57:14,864 -- number of days to wait : -1 2019-12-23 00:00:00+00:00
INFO -- 2019-12-23 15:57:14,864 -- number of days to wait : -2800 2012-04-23 18:25:43.511000+00:00
INFO -- 2019-12-23 15:57:14,864 -- number of days to wait : 122 2020-04-23 18:25:43.511000+00:00
INFO -- 2019-12-23 15:57:14,864 -- number of days to wait : 1 2019-12-24 18:25:43.511000+00:00
INFO -- 2019-12-23 15:57:42,329 -- received request: time_createds of the week
INFO -- 2019-12-23 15:57:42,331 -- number of days to wait : -1 2019-12-22 21:11:18.374007+00:00
INFO -- 2019-12-23 15:57:42,332 -- number of days to wait : -1 2019-12-22 21:11:18.374007+00:00
INFO -- 2019-12-23 15:57:42,332 -- number of days to wait : -1 2019-12-22 21:11:18.374007+00:00
INFO -- 2019-12-23 15:57:42,332 -- number of days to wait : -1 2019-12-22 21:11:18.374007+00:00
INFO -- 2019-12-23 15:57:42,332 -- number of days to wait : -1 2019-12-22 21:11:18.374007+00:00
INFO -- 2019-12-23 15:57:42,332 -- number of days to wait : -1 2019-12-22 21:11:18.374007+00:00
INFO -- 2019-12-23 15:57:42,332 -- number of days to wait : 365 2020-12-22 21:11:18+00:00
INFO -- 2019-12-23 15:57:42,332 -- number of days to wait : -1 2019-12-22 21:11:18.374007+00:00
INFO -- 2019-12-23 15:57:42,332 -- number of days to wait : -1 2019-12-23 00:00:00+00:00
INFO -- 2019-12-23 15:57:42,333 -- number of days to wait : -2800 2012-04-23 18:25:43.511000+00:00
INFO -- 2019-12-23 15:57:42,333 -- number of days to wait : 122 2020-04-23 18:25:43.511000+00:00
INFO -- 2019-12-23 15:57:42,333 -- number of days to wait : 1 2019-12-24 18:25:43.511000+00:00
INFO -- 2019-12-23 15:59:55,044 -- received request: time_createds of the week
INFO -- 2019-12-23 15:59:55,047 -- number of days to wait : -1 2019-12-22 21:11:18.374007+00:00
INFO -- 2019-12-23 15:59:55,047 -- number of days to wait : -1 2019-12-22 21:11:18.374007+00:00
INFO -- 2019-12-23 15:59:55,047 -- number of days to wait : -1 2019-12-22 21:11:18.374007+00:00
INFO -- 2019-12-23 15:59:55,048 -- number of days to wait : -1 2019-12-22 21:11:18.374007+00:00
INFO -- 2019-12-23 15:59:55,048 -- number of days to wait : -1 2019-12-22 21:11:18.374007+00:00
INFO -- 2019-12-23 15:59:55,048 -- number of days to wait : -1 2019-12-22 21:11:18.374007+00:00
INFO -- 2019-12-23 15:59:55,048 -- number of days to wait : 365 2020-12-22 21:11:18+00:00
INFO -- 2019-12-23 15:59:55,048 -- number of days to wait : -1 2019-12-22 21:11:18.374007+00:00
INFO -- 2019-12-23 15:59:55,048 -- number of days to wait : 1 2019-12-25 00:00:00+00:00
INFO -- 2019-12-23 15:59:55,049 -- number of days to wait : -2800 2012-04-23 18:25:43.511000+00:00
INFO -- 2019-12-23 15:59:55,049 -- number of days to wait : 122 2020-04-23 18:25:43.511000+00:00
INFO -- 2019-12-23 15:59:55,049 -- number of days to wait : 1 2019-12-24 18:25:43.511000+00:00
INFO -- 2019-12-23 16:00:57,789 -- received request: time_createds of the week
INFO -- 2019-12-23 16:02:07,254 -- received request: time_createds of the week
INFO -- 2019-12-23 16:02:07,256 -- number of days to wait : -1 2019-12-22 21:11:18.374007+00:00
INFO -- 2019-12-23 16:02:07,256 -- number of days to wait : -1 2019-12-22 21:11:18.374007+00:00
INFO -- 2019-12-23 16:02:07,256 -- number of days to wait : -1 2019-12-22 21:11:18.374007+00:00
INFO -- 2019-12-23 16:02:07,257 -- number of days to wait : -1 2019-12-22 21:11:18.374007+00:00
INFO -- 2019-12-23 16:02:07,257 -- number of days to wait : -1 2019-12-22 21:11:18.374007+00:00
INFO -- 2019-12-23 16:02:07,257 -- number of days to wait : -1 2019-12-22 21:11:18.374007+00:00
INFO -- 2019-12-23 16:02:07,257 -- number of days to wait : 365 2020-12-22 21:11:18+00:00
INFO -- 2019-12-23 16:02:07,257 -- number of days to wait : -1 2019-12-22 21:11:18.374007+00:00
INFO -- 2019-12-23 16:02:07,257 -- number of days to wait : 1 2019-12-25 00:00:00+00:00
INFO -- 2019-12-23 16:02:07,257 -- number of days to wait : -2800 2012-04-23 18:25:43.511000+00:00
INFO -- 2019-12-23 16:02:07,257 -- number of days to wait : 122 2020-04-23 18:25:43.511000+00:00
INFO -- 2019-12-23 16:02:07,258 -- number of days to wait : 1 2019-12-24 18:25:43.511000+00:00
INFO -- 2019-12-23 16:02:16,379 -- received request: time_createds of the week
INFO -- 2019-12-23 16:02:16,382 -- number of days to wait : -1 2019-12-22 21:11:18.374007+00:00
INFO -- 2019-12-23 16:02:16,384 -- number of days to wait : -1 2019-12-22 21:11:18.374007+00:00
INFO -- 2019-12-23 16:02:16,385 -- number of days to wait : -1 2019-12-22 21:11:18.374007+00:00
INFO -- 2019-12-23 16:02:16,385 -- number of days to wait : -1 2019-12-22 21:11:18.374007+00:00
INFO -- 2019-12-23 16:02:16,385 -- number of days to wait : -1 2019-12-22 21:11:18.374007+00:00
INFO -- 2019-12-23 16:02:16,385 -- number of days to wait : -1 2019-12-22 21:11:18.374007+00:00
INFO -- 2019-12-23 16:02:16,385 -- number of days to wait : 365 2020-12-22 21:11:18+00:00
INFO -- 2019-12-23 16:02:16,386 -- number of days to wait : -1 2019-12-22 21:11:18.374007+00:00
INFO -- 2019-12-23 16:02:16,386 -- number of days to wait : 1 2019-12-25 00:00:00+00:00
INFO -- 2019-12-23 16:02:16,386 -- number of days to wait : -2800 2012-04-23 18:25:43.511000+00:00
INFO -- 2019-12-23 16:02:16,386 -- number of days to wait : 122 2020-04-23 18:25:43.511000+00:00
INFO -- 2019-12-23 16:02:16,386 -- number of days to wait : 1 2019-12-24 18:25:43.511000+00:00
INFO -- 2019-12-23 16:06:11,347 -- received request: time_createds of the week
INFO -- 2019-12-23 16:06:11,348 -- number of days to wait : -1 2019-12-22 21:11:18.374007+00:00
INFO -- 2019-12-23 16:06:24,470 -- received request: time_createds of the week
INFO -- 2019-12-23 16:06:24,472 -- number of days to wait : -1 2019-12-22 21:11:18.374007+00:00
INFO -- 2019-12-23 16:06:24,472 -- number of days to wait : -1 2019-12-22 21:11:18.374007+00:00
INFO -- 2019-12-23 16:06:24,472 -- number of days to wait : -1 2019-12-22 21:11:18.374007+00:00
INFO -- 2019-12-23 16:06:24,472 -- number of days to wait : -1 2019-12-22 21:11:18.374007+00:00
INFO -- 2019-12-23 16:06:24,473 -- number of days to wait : -1 2019-12-22 21:11:18.374007+00:00
INFO -- 2019-12-23 16:06:24,473 -- number of days to wait : -1 2019-12-22 21:11:18.374007+00:00
INFO -- 2019-12-23 16:06:24,473 -- number of days to wait : 365 2020-12-22 21:11:18+00:00
INFO -- 2019-12-23 16:06:24,473 -- number of days to wait : -1 2019-12-22 21:11:18.374007+00:00
INFO -- 2019-12-23 16:06:24,473 -- number of days to wait : 1 2019-12-25 00:00:00+00:00
INFO -- 2019-12-23 16:06:24,473 -- number of days to wait : -2800 2012-04-23 18:25:43.511000+00:00
INFO -- 2019-12-23 16:06:24,473 -- number of days to wait : 122 2020-04-23 18:25:43.511000+00:00
INFO -- 2019-12-23 16:06:24,474 -- number of days to wait : 1 2019-12-24 18:25:43.511000+00:00
INFO -- 2019-12-23 16:06:52,043 -- received request: time_createds of the week
INFO -- 2019-12-23 16:06:52,045 -- number of days to wait : -1 2019-12-22 21:11:18.374007+00:00
INFO -- 2019-12-23 16:06:52,045 -- number of days to wait : -1 2019-12-22 21:11:18.374007+00:00
INFO -- 2019-12-23 16:06:52,045 -- number of days to wait : -1 2019-12-22 21:11:18.374007+00:00
INFO -- 2019-12-23 16:06:52,045 -- number of days to wait : -1 2019-12-22 21:11:18.374007+00:00
INFO -- 2019-12-23 16:06:52,046 -- number of days to wait : -1 2019-12-22 21:11:18.374007+00:00
INFO -- 2019-12-23 16:06:52,046 -- number of days to wait : -1 2019-12-22 21:11:18.374007+00:00
INFO -- 2019-12-23 16:06:52,046 -- number of days to wait : 365 2020-12-22 21:11:18+00:00
INFO -- 2019-12-23 16:06:52,046 -- number of days to wait : -1 2019-12-22 21:11:18.374007+00:00
INFO -- 2019-12-23 16:06:52,046 -- number of days to wait : 1 2019-12-25 00:00:00+00:00
INFO -- 2019-12-23 16:06:52,046 -- number of days to wait : -2800 2012-04-23 18:25:43.511000+00:00
INFO -- 2019-12-23 16:06:52,046 -- number of days to wait : 122 2020-04-23 18:25:43.511000+00:00
INFO -- 2019-12-23 16:06:52,046 -- number of days to wait : 1 2019-12-24 18:25:43.511000+00:00
INFO -- 2019-12-23 18:37:16,308 -- received request: refresh list of courses
INFO -- 2020-05-25 19:15:57,859 -- received request: get courses by exam by user 7: akali
INFO -- 2020-05-25 19:16:09,772 -- received request: get courses by exam by user 7: akali
INFO -- 2020-05-25 19:16:12,450 -- received request: get courses by exam by user 7: akali
INFO -- 2020-05-25 19:16:15,031 -- received request: get courses by exam by user 7: akali
INFO -- 2020-05-25 19:49:08,643 -- received request: get courses by exam by user 7: akali
INFO -- 2020-05-25 19:50:05,848 -- received request: get courses by exam by user 7: akali
INFO -- 2020-05-25 19:51:24,277 -- received request: get list sorted by rating by user 7: akali
INFO -- 2020-05-25 19:54:13,823 -- received request: get list sorted by rating by user 7: akali
INFO -- 2020-05-25 19:54:37,966 -- received request: get list sorted by rating by user 7: akali
INFO -- 2020-05-25 19:54:46,922 -- received request: get list sorted by rating by user 7: akali
INFO -- 2020-05-25 19:55:05,783 -- received request: get list sorted by rating by user 7: akali
INFO -- 2020-05-25 19:56:35,846 -- received request: get list sorted by rating by user 7: akali
INFO -- 2020-05-25 19:56:48,624 -- received request: get list sorted by rating by user 7: akali
INFO -- 2020-05-25 19:57:10,072 -- received request: get list sorted by rating by user 7: akali
INFO -- 2020-05-25 19:58:36,945 -- received request: get list sorted by rating by user 7: akali
INFO -- 2020-05-25 19:59:20,109 -- received request: get list sorted by rating by user 7: akali
INFO -- 2020-05-25 20:08:40,418 -- received request: get list sorted by rating by user 7: akali
INFO -- 2020-05-25 20:08:47,397 -- received request: get list sorted by rating by user 7: akali
INFO -- 2020-05-25 20:10:49,942 -- received request: get list sorted by rating by user 7: akali
INFO -- 2020-05-25 20:11:10,335 -- received request: get list sorted by rating by user 7: akali
INFO -- 2020-05-25 20:11:18,405 -- received request: get list sorted by rating by user 7: akali
INFO -- 2020-05-25 20:11:56,934 -- received request: get list sorted by rating by user 7: akali
INFO -- 2020-05-25 21:34:43,082 -- received request: get list sorted by rating by user 7: akali
